============================= test session starts ==============================
platform darwin -- Python 3.14.6, pytest-9.1.1, pluggy-1.6.0
rootdir: /Users/mkoziol/projects/bet
configfile: pyproject.toml
plugins: html-4.0.2, xdist-3.8.0, metadata-3.1.1, rerunfailures-16.6.1, ordering-0.6, seleniumbase-4.54.8
collected 64 items

tests/sofa/test_board.py ..                                              [  3%]
tests/sofa/test_cache.py .....                                           [ 10%]
tests/sofa/test_client.py .............                                  [ 31%]
tests/sofa/test_config.py .                                              [ 32%]
tests/sofa/test_coupon.py ....                                           [ 39%]
tests/sofa/test_coverage_floor.py ..                                     [ 42%]
tests/sofa/test_db.py .                                                  [ 43%]
tests/sofa/test_degraded.py ...                                          [ 48%]
tests/sofa/test_e2e.py .                                                 [ 50%]
tests/sofa/test_engine_invariants.py .........                           [ 64%]
tests/sofa/test_fit.py ....                                              [ 70%]
tests/sofa/test_isolation.py .                                           [ 71%]
tests/sofa/test_live_recall.py F                                         [ 73%]
tests/sofa/test_metrics_cards.py .                                       [ 75%]
tests/sofa/test_metrics_football.py ...                                  [ 79%]
tests/sofa/test_metrics_tennis.py .                                      [ 81%]
tests/sofa/test_no_fabrication.py .                                      [ 82%]
tests/sofa/test_offer.py .                                               [ 84%]
tests/sofa/test_resolve_dedup.py .                                       [ 85%]
tests/sofa/test_resolve_disambiguation.py .                              [ 87%]
tests/sofa/test_resolve_golden.py .                                      [ 89%]
tests/sofa/test_resolve_names.py ..                                      [ 92%]
tests/sofa/test_samples.py .....                                         [100%]

=================================== FAILURES ===================================
_______________________________ test_live_recall _______________________________

tmp_path = PosixPath('/private/var/folders/y6/c0sq10zj4vqdcpz_y3b802c80000gn/T/pytest-of-mkoziol/pytest-939/test_live_recall0')

    @pytest.mark.sofa_live
    def test_live_recall(tmp_path):
        config = SofaConfig(db_path=str(tmp_path / "test.db"))
        from bet.sofa.db import migrate
        migrate(config.db_path)
    
        cache = SofaCache(config)
        client = SofascoreClient(config)
        resolver = SofaResolver(config, client, cache)
    
        with open("docs/sofascore-api/evidence/per_fixture_match_test.json") as f:
            data = json.load(f)
    
        # we need to simulate the resolve logic
        # but we don't have kickoff_utc!
        # The file has: "match_name", "sofascore_id", "tournament", "round", "success"
        # But wait, without kickoff, how can I use resolve_entity which requires it?
        # Maybe we can fetch the event by sofascore_id first to get its startTimestamp,
        # then resolve it to see if it matches! Yes!
    
        total = 0
        successes = 0
        gaps = {}
    
        for sport, fixtures in data.items():
            for bf in fixtures:
                # this is a long test, let's only run a sample if we want, but the requirement says "recall na per_fixture..."
                total += 1
                expected_id = bf.get("sofascore_id")
                if not expected_id:
                    continue
    
                # get real kickoff
>               event_data = client.event(expected_id)
                             ^^^^^^^^^^^^^^^^^^^^^^^^^

tests/sofa/test_live_recall.py:42: 
_ _ _ _ _ _ _ _ _ _ _ _ _ _ _ _ _ _ _ _ _ _ _ _ _ _ _ _ _ _ _ _ _ _ _ _ _ _ _ _ 
src/bet/sofa/client.py:200: in event
    return self._execute(url, stage="RESOLVE")
           ^^^^^^^^^^^^^^^^^^^^^^^^^^^^^^^^^^^
_ _ _ _ _ _ _ _ _ _ _ _ _ _ _ _ _ _ _ _ _ _ _ _ _ _ _ _ _ _ _ _ _ _ _ _ _ _ _ _ 

self = <bet.sofa.client.SofascoreClient object at 0x10cdf2410>
url = 'https://api.sofascore.com/api/v1/event/16640655', stage = 'RESOLVE'
timeout = 10.0

    def _execute(
        self, url: str, stage: str = "CLIENT", timeout: float = 10.0
    ) -> Any | None:
        if self.breaker.is_open:
            raise CircuitOpenError("Circuit breaker is open")
    
        self.bucket.consume()
        start_t = time.monotonic()
    
        try:
            resp = self.transport.get(url, timeout=timeout)
        except RequestsError:
            # Timeout or connection error -> 1 retry with backoff
            time.sleep(1.0)
            self.bucket.consume()
            start_t = time.monotonic()
            try:
                resp = self.transport.get(url, timeout=timeout)
            except RequestsError as e:
                self.breaker.record_failure()
                elapsed = int((time.monotonic() - start_t) * 1000)
                state = "OPEN" if self.breaker.is_open else "CLOSED"
                self._log(stage, "GET", url, None, elapsed, False, state)
                raise ProviderError(f"Network error after retry: {e}")
        except Exception as e:
            # Other errors
            self.breaker.record_failure()
            elapsed = int((time.monotonic() - start_t) * 1000)
            state = "OPEN" if self.breaker.is_open else "CLOSED"
            self._log(stage, "GET", url, None, elapsed, False, state)
            raise ProviderError(f"Unexpected error: {e}")
    
        elapsed = int((time.monotonic() - start_t) * 1000)
        status = resp.status_code
    
        if status == 404:
            self.breaker.record_success()
            self._log(stage, "GET", url, status, elapsed, False, "CLOSED")
            return None
    
        if status in (403, 429) or 500 <= status < 600:
            self.breaker.record_failure()
            state = "OPEN" if self.breaker.is_open else "CLOSED"
            self._log(stage, "GET", url, status, elapsed, False, state)
>           raise ProviderError(f"HTTP {status}")
E           bet.sofa.errors.ProviderError: HTTP 403

src/bet/sofa/client.py:167: ProviderError
=============================== warnings summary ===============================
../../../../opt/homebrew/lib/python3.14/site-packages/_pytest/config/__init__.py:1464
  /opt/homebrew/lib/python3.14/site-packages/_pytest/config/__init__.py:1464: PytestConfigWarning: Unknown config option: asyncio_default_fixture_loop_scope
  
    self._warn_or_fail_if_strict(f"Unknown config option: {key}\n")

../../../../opt/homebrew/lib/python3.14/site-packages/_pytest/config/__init__.py:1464
  /opt/homebrew/lib/python3.14/site-packages/_pytest/config/__init__.py:1464: PytestConfigWarning: Unknown config option: asyncio_mode
  
    self._warn_or_fail_if_strict(f"Unknown config option: {key}\n")

-- Docs: https://docs.pytest.org/en/stable/how-to/capture-warnings.html
=========================== short test summary info ============================
FAILED tests/sofa/test_live_recall.py::test_live_recall - bet.sofa.errors.Pro...
=================== 1 failed, 63 passed, 2 warnings in 1.57s ===================
